<?xml version="1.0" encoding="UTF-8"?>
<!-- Generated by org.testng.reporters.JUnitXMLReporter -->
<testsuite hostname="MX-IT01393" ignored="0" name="RestAssuredTrainee" tests="17" failures="0" timestamp="20 oct 2018 17:44:32 GMT" time="10.04" errors="0">
  <testcase name="getvalResources" time="1.56" classname="trainee.restassured.tests.ResourceValidationTest"/>
  <testcase name="getvalResources" time="0.321" classname="trainee.restassured.tests.ResourceValidationTest"/>
  <testcase name="getvalResources" time="0.315" classname="trainee.restassured.tests.ResourceValidationTest"/>
  <testcase name="getvalResources" time="0.426" classname="trainee.restassured.tests.ResourceValidationTest"/>
  <testcase name="getvalResources" time="0.35" classname="trainee.restassured.tests.ResourceValidationTest"/>
  <testcase name="getvalResources" time="0.322" classname="trainee.restassured.tests.ResourceValidationTest"/>
  <testcase name="schemaValidation" time="1.147" classname="trainee.restassured.tests.SchemaValidationTests"/>
  <testcase name="schemaValidation" time="0.75" classname="trainee.restassured.tests.SchemaValidationTests"/>
  <testcase name="schemaValidation" time="0.663" classname="trainee.restassured.tests.SchemaValidationTests"/>
  <testcase name="schemaValidation" time="0.944" classname="trainee.restassured.tests.SchemaValidationTests"/>
  <testcase name="schemaValidation" time="0.644" classname="trainee.restassured.tests.SchemaValidationTests"/>
  <testcase name="schemaValidation" time="0.615" classname="trainee.restassured.tests.SchemaValidationTests"/>
  <testcase name="postsId20" time="0.644" classname="trainee.restassured.tests.SchemaValidationTests"/>
  <testcase name="postsId50" time="0.324" classname="trainee.restassured.tests.SchemaValidationTests"/>
  <testcase name="postsId100" time="0.349" classname="trainee.restassured.tests.SchemaValidationTests"/>
  <testcase name="getCommentsPostId1" time="0.318" classname="trainee.restassured.tests.SchemaValidationTests"/>
  <testcase name="getPostsUserId1" time="0.32" classname="trainee.restassured.tests.SchemaValidationTests"/>
</testsuite> <!-- RestAssuredTrainee -->
