<?xml version="1.0" encoding="UTF-8"?>
<testng-results skipped="0" failed="0" ignored="0" total="1" passed="1">
  <reporter-output>
  </reporter-output>
  <suite name="RestASsured Test" duration-ms="1684" started-at="2018-10-20T14:51:58Z" finished-at="2018-10-20T14:52:00Z">
    <groups>
    </groups>
    <test name="RestAssuredTrainee" duration-ms="1684" started-at="2018-10-20T14:51:58Z" finished-at="2018-10-20T14:52:00Z">
      <class name="trainee.restassured.tests.HeaderAuthorization">
        <test-method status="PASS" signature="givenUrlBody()[pri:0, instance:trainee.restassured.tests.HeaderAuthorization@9597028]" name="givenUrlBody" duration-ms="1672" started-at="2018-10-20T09:51:58Z" finished-at="2018-10-20T09:52:00Z">
          <reporter-output>
          </reporter-output>
        </test-method> <!-- givenUrlBody -->
      </class> <!-- trainee.restassured.tests.HeaderAuthorization -->
    </test> <!-- RestAssuredTrainee -->
  </suite> <!-- RestASsured Test -->
</testng-results>
